[2021/03/23 14:10:22] Win Streak 1 Lose Streak 1 | Balance 0.00400216 Profit -1e-08
[2021/03/23 14:35:48] Win Streak 0 Lose Streak 1 | Balance 0.00400159 Profit -1e-08
[2021/03/23 14:36:57] Win Streak 0 Lose Streak 1 | Balance 0.00400166 Profit -2e-08
[2021/03/23 14:37:46] Win Streak 0 Lose Streak 1 | Balance 0.00400051 Profit -1.13e-06
[2021/03/23 14:38:51] Win Streak 0 Lose Streak 1 | Balance 0.00399937 Profit -1.09e-06
[2021/03/23 14:46:22] Win Streak 0 Lose Streak 1 | Balance 0.00399825 Profit -1.12e-06
[2021/03/23 14:49:44] Win Streak 0 Lose Streak 1 | Balance 0.00399711 Profit -1.1e-06
[2021/03/23 14:50:26] Win Streak 0 Lose Streak 1 | Balance 0.00399592 Profit -1.12e-06
[2021/03/23 14:51:26] Win Streak 1 Lose Streak 0 | Balance 0.00399746 Profit 1.69e-06
[2021/03/23 14:53:01] Win Streak 0 Lose Streak 1 | Balance 0.0039962 Profit -1.12e-06
[2021/03/23 14:54:14] Win Streak 0 Lose Streak 1 | Balance 0.00399499 Profit -1.12e-06
[2021/03/23 14:55:43] Win Streak 1 Lose Streak 0 | Balance 0.00399654 Profit 1.56e-06
[2021/03/23 14:57:09] Win Streak 0 Lose Streak 1 | Balance 0.00399536 Profit -1.09e-06
[2021/03/23 14:57:46] Win Streak 1 Lose Streak 0 | Balance 0.00399795 Profit 2.58e-06
[2021/03/23 14:58:55] Win Streak 0 Lose Streak 1 | Balance 0.00399687 Profit -1.11e-06
[2021/03/23 15:03:40] Win Streak 1 Lose Streak 0 | Balance 0.00399803 Profit 2.36e-06
[2021/03/23 15:05:05] Win Streak 0 Lose Streak 1 | Balance 0.00399683 Profit -1.11e-06
[2021/03/23 15:11:49] Win Streak 1 Lose Streak 0 | Balance 0.00399339 Profit 0.0
[2021/03/23 15:12:56] Win Streak 1 Lose Streak 0 | Balance 0.00399337 Profit 4e-08
[2021/03/23 15:13:47] Win Streak 1 Lose Streak 0 | Balance 0.00399344 Profit 4e-08
[2021/03/23 15:14:26] Win Streak 0 Lose Streak 1 | Balance 0.00399331 Profit -2e-08
[2021/03/23 16:28:04] Win Streak 4 Lose Streak 17 | Balance 0.00065475 Profit -1.337e-05
[2021/03/23 16:30:08] Win Streak 2 Lose Streak 9 | Balance 0.00065033 Profit -7.92e-06
[2021/03/23 16:30:30] Win Streak 0 Lose Streak 5 | Balance 0.00062981 Profit -9.02e-06
[2021/03/23 16:35:24] Win Streak 3 Lose Streak 16 | Balance 0.00062002 Profit -5.1e-06
[2021/03/23 16:38:09] Win Streak 2 Lose Streak 7 | Balance 0.00062199 Profit 6.66e-06
[2021/03/23 16:47:48] Win Streak 4 Lose Streak 14 | Balance 0.00067808 Profit 5.809e-05
[2021/03/23 16:48:48] Win Streak 1 Lose Streak 4 | Balance 0.0006721 Profit -3.98e-06
[2021/03/23 16:49:07] Win Streak 2 Lose Streak 2 | Balance 0.00067678 Profit 4.86e-06
[2021/03/23 16:49:49] Win Streak 1 Lose Streak 1 | Balance 0.0006799 Profit 1.46e-06
[2021/03/23 17:16:56] Win Streak 0 Lose Streak 5 | Balance 0.00067514 Profit -9.02e-06
[2021/03/23 17:58:02] Win Streak 2 Lose Streak 1 | Balance 0.00067477 Profit 4.32e-06
[2021/03/23 18:00:12] Win Streak 2 Lose Streak 15 | Balance 0.00052113 Profit -0.000155
[2021/03/23 18:00:32] Win Streak 0 Lose Streak 1 | Balance 0.00047115 Profit -1e-06
[2021/03/23 18:02:53] Win Streak 2 Lose Streak 13 | Balance 0.00046058 Profit -1.303e-05
[2021/03/23 18:03:06] Win Streak 0 Lose Streak 1 | Balance 0.00046308 Profit -1e-06
[2021/03/23 18:04:25] Win Streak 1 Lose Streak 7 | Balance 0.000445 Profit -1.578e-05
[2021/03/23 18:06:47] Win Streak 0 Lose Streak 3 | Balance 0.00046023 Profit -3.99e-06
[2021/03/23 18:12:46] Win Streak 3 Lose Streak 12 | Balance 0.00049986 Profit 4.282e-05
[2021/03/23 18:13:13] Win Streak 1 Lose Streak 0 | Balance 0.00050498 Profit 2.66e-06
[2021/03/23 18:15:19] Win Streak 2 Lose Streak 9 | Balance 0.00051424 Profit 6.6e-06
[2021/03/23 18:16:40] Win Streak 3 Lose Streak 9 | Balance 0.0005263 Profit 1.04e-05
[2021/03/23 18:17:30] Win Streak 4 Lose Streak 5 | Balance 0.00053248 Profit 8.48e-06
[2021/03/23 18:18:14] Win Streak 2 Lose Streak 2 | Balance 0.00054045 Profit 1.266e-05
[2021/03/23 18:19:36] Win Streak 1 Lose Streak 8 | Balance 0.00053083 Profit -6.93e-06
[2021/03/23 20:24:41] Win Streak 1 Lose Streak 9 | Balance 13.78523492 Profit 5.074e-05
[2021/03/23 20:24:56] Win Streak 0 Lose Streak 2 | Balance 13.78522833 Profit -2.32e-06
[2021/03/23 20:25:42] Win Streak 0 Lose Streak 0 | Balance 13.78523507 Profit 0.0
[2021/03/23 20:29:24] Win Streak 2 Lose Streak 3 | Balance 13.78524107 Profit 7e-06
[2021/03/23 20:30:11] Win Streak 1 Lose Streak 1 | Balance 13.78524058 Profit 1.51e-06
[2021/03/23 20:31:48] Win Streak 0 Lose Streak 8 | Balance 13.78521639 Profit -2.553e-05
[2021/03/23 20:34:58] Win Streak 2 Lose Streak 12 | Balance 13.78531136 Profit 0.00010145
[2021/03/23 20:36:34] Win Streak 2 Lose Streak 6 | Balance 13.78533508 Profit 1.497e-05
[2021/03/23 20:37:18] Win Streak 2 Lose Streak 3 | Balance 13.78535122 Profit 1.251e-05
[2021/03/23 20:40:14] Win Streak 2 Lose Streak 14 | Balance 13.78548638 Profit 0.0001379
[2021/03/23 20:41:00] Win Streak 1 Lose Streak 6 | Balance 13.78548751 Profit 3.13e-06
[2021/03/23 20:41:39] Win Streak 1 Lose Streak 5 | Balance 13.7854891 Profit -2.04e-06
[2021/03/23 20:42:44] Win Streak 4 Lose Streak 7 | Balance 13.78550936 Profit 2.158e-05
[2021/03/23 20:42:59] Win Streak 0 Lose Streak 2 | Balance 13.78550955 Profit -2.32e-06
[2021/03/23 20:44:15] Win Streak 1 Lose Streak 6 | Balance 13.78550744 Profit 6.3e-07
[2021/03/23 20:46:06] Win Streak 1 Lose Streak 4 | Balance 13.78551201 Profit 6.57e-06
[2021/03/23 20:47:05] Win Streak 3 Lose Streak 4 | Balance 13.78552745 Profit 1.818e-05
[2021/03/23 20:47:24] Win Streak 0 Lose Streak 4 | Balance 13.78551878 Profit -6.35e-06
[2021/03/23 20:48:48] Win Streak 3 Lose Streak 9 | Balance 13.78550275 Profit -1.201e-05
[2021/03/23 20:49:33] Win Streak 1 Lose Streak 5 | Balance 13.78549758 Profit 7.89e-06
[2021/03/23 20:50:43] Win Streak 1 Lose Streak 4 | Balance 13.78551144 Profit 8.54e-06
[2021/03/23 20:51:28] Win Streak 3 Lose Streak 4 | Balance 13.78551689 Profit 3.79e-06
[2021/03/23 20:52:03] Win Streak 1 Lose Streak 9 | Balance 13.78548086 Profit -3.201e-05
[2021/03/23 20:52:35] Win Streak 0 Lose Streak 0 | Balance 13.78547146 Profit 0.0
[2021/03/23 20:53:32] Win Streak 1 Lose Streak 4 | Balance 13.78547406 Profit -6e-08
[2021/03/23 20:56:43] Win Streak 2 Lose Streak 6 | Balance 13.7854779 Profit -1.25e-06
[2021/03/23 20:57:11] Win Streak 2 Lose Streak 9 | Balance 14.2447011 Profit 0.46922845
[2021/03/23 21:07:09] Win Streak 0 Lose Streak 0 | Balance 14.2247011 Profit -0.01
[2021/03/23 21:14:56] Win Streak 0 Lose Streak 0 | Balance 14.2047011 Profit -0.01
[2021/03/23 21:15:49] Win Streak 0 Lose Streak 0 | Balance 14.25796842 Profit 0.02663366
[2021/03/23 21:18:03] Win Streak 0 Lose Streak 0 | Balance 14.23796842 Profit -0.01
[2021/03/23 21:19:24] Win Streak 0 Lose Streak 0 | Balance 14.21796842 Profit -0.01
[2021/03/23 21:20:34] Win Streak 0 Lose Streak 0 | Balance 14.23460208 Profit -0.01
[2021/03/23 21:22:26] Win Streak 0 Lose Streak 0 | Balance 14.21460208 Profit -0.01
[2021/03/23 21:23:48] Win Streak 0 Lose Streak 0 | Balance 14.2678694 Profit 0.02663366
[2021/03/23 21:24:26] Win Streak 0 Lose Streak 0 | Balance 14.2478694 Profit -0.01
[2021/03/23 21:27:31] Win Streak 0 Lose Streak 0 | Balance 14.27450306 Profit 0.0
[2021/03/23 21:28:09] Win Streak 0 Lose Streak 0 | Balance 14.26450306 Profit 0.0
[2021/03/23 21:30:26] Win Streak 0 Lose Streak 0 | Balance 14.24450306 Profit -0.01
[2021/03/23 21:31:35] Win Streak 0 Lose Streak 0 | Balance 14.22450306 Profit -0.01
[2021/03/23 21:34:28] Win Streak 4 Lose Streak 8 | Balance 14.88475637 Profit 0.67025331
[2021/03/23 21:35:54] Win Streak 0 Lose Streak 0 | Balance 14.86475637 Profit -0.01
[2021/03/23 21:37:13] Win Streak 0 Lose Streak 0 | Balance 14.84475637 Profit -0.01
[2021/03/23 21:38:16] Win Streak 6 Lose Streak 13 | Balance 16.38643121 Profit 1.51504118
[2021/03/23 21:42:01] Win Streak 0 Lose Streak 0 | Balance 16.36643121 Profit -0.01
[2021/03/23 21:42:11] Win Streak 1 Lose Streak 0 | Balance 16.37306487 Profit 0.01663366
[2021/03/23 21:43:13] Win Streak 3 Lose Streak 0 | Balance 16.43296585 Profit 0.06990098
[2021/03/23 21:46:28] Win Streak 0 Lose Streak 0 | Balance 16.44959951 Profit -0.01
[2021/03/23 21:46:37] Win Streak 1 Lose Streak 0 | Balance 16.45623317 Profit 0.01663366
[2021/03/23 21:47:12] Win Streak 0 Lose Streak 0 | Balance 16.43623317 Profit -0.01
[2021/03/23 21:47:54] Win Streak 2 Lose Streak 10 | Balance 16.97617628 Profit 0.54994311
[2021/03/23 21:50:25] Win Streak 2 Lose Streak 11 | Balance 18.39688728 Profit 1.430711
[2021/03/23 21:52:53] Win Streak 0 Lose Streak 0 | Balance 18.44867737 Profit -0.01
[2021/03/23 21:53:34] Win Streak 3 Lose Streak 13 | Balance 20.18903801 Profit 1.75036064
[2021/03/23 21:58:46] Win Streak 0 Lose Streak 0 | Balance 20.19247167 Profit -0.01
[2021/03/23 21:58:56] Win Streak 0 Lose Streak 0 | Balance 20.17247167 Profit -0.01
[2021/03/23 21:59:41] Win Streak 3 Lose Streak 16 | Balance 22.9456398 Profit 2.78316813
[2021/03/23 22:01:33] Win Streak 0 Lose Streak 0 | Balance 22.9124398 Profit -0.01
[2021/03/23 22:02:33] Win Streak 0 Lose Streak 0 | Balance 22.8924398 Profit -0.01
[2021/03/23 22:02:41] Win Streak 0 Lose Streak 0 | Balance 22.8724398 Profit -0.01
[2021/03/23 22:03:37] Win Streak 3 Lose Streak 12 | Balance 24.59728758 Profit 1.73484778
[2021/03/23 22:04:52] Win Streak 0 Lose Streak 0 | Balance 24.59092156 Profit -0.01
[2021/03/23 22:07:08] Win Streak 0 Lose Streak 0 | Balance 24.60755522 Profit -0.01
[2021/03/23 22:07:16] Win Streak 0 Lose Streak 0 | Balance 24.58755522 Profit -0.01
[2021/03/23 22:08:26] Win Streak 0 Lose Streak 0 | Balance 24.56755522 Profit -0.01
[2021/03/23 22:08:35] Win Streak 0 Lose Streak 0 | Balance 24.54755522 Profit -0.01
[2021/03/23 22:09:35] Win Streak 5 Lose Streak 11 | Balance 25.20636092 Profit 0.63217204
[2021/03/23 22:10:35] Win Streak 0 Lose Streak 0 | Balance 25.06469606 Profit -0.01
[2021/03/23 22:10:52] Win Streak 0 Lose Streak 0 | Balance 25.04469606 Profit -0.01
[2021/03/23 22:11:55] Win Streak 0 Lose Streak 0 | Balance 25.02469606 Profit -0.01
[2021/03/23 22:12:05] Win Streak 0 Lose Streak 0 | Balance 25.00469606 Profit -0.01
[2021/03/23 22:12:50] Win Streak 3 Lose Streak 11 | Balance 26.16445081 Profit 1.16975475
[2021/03/23 22:13:57] Win Streak 0 Lose Streak 0 | Balance 26.14445081 Profit -0.01
[2021/03/23 22:14:58] Win Streak 0 Lose Streak 0 | Balance 26.12445081 Profit -0.01
[2021/03/23 22:16:25] Win Streak 6 Lose Streak 13 | Balance 27.85788201 Profit 1.7434312
[2021/03/23 22:20:01] Win Streak 0 Lose Streak 0 | Balance 27.93577223 Profit -0.01
[2021/03/23 22:20:10] Win Streak 0 Lose Streak 0 | Balance 27.91577223 Profit -0.01
[2021/03/23 22:20:31] Win Streak 1 Lose Streak 5 | Balance 27.86357907 Profit -0.04219316
[2021/03/23 22:24:02] Win Streak 3 Lose Streak 12 | Balance 35.78925772 Profit 7.93567865
[2021/03/23 22:28:03] Win Streak 0 Lose Streak 0 | Balance 35.75925772 Profit -0.01
[2021/03/23 22:28:28] Win Streak 2 Lose Streak 5 | Balance 35.79096444 Profit 0.00507306
[2021/03/23 22:29:50] Win Streak 0 Lose Streak 0 | Balance 35.73088981 Profit -0.01
[2021/03/23 22:30:09] Win Streak 0 Lose Streak 0 | Balance 35.71088981 Profit -0.01
[2021/03/23 22:30:34] Win Streak 0 Lose Streak 0 | Balance 35.72752347 Profit -0.01
[2021/03/23 22:31:08] Win Streak 0 Lose Streak 0 | Balance 35.74415713 Profit -0.01
[2021/03/23 22:31:17] Win Streak 0 Lose Streak 0 | Balance 35.72415713 Profit -0.01
[2021/03/23 22:31:41] Win Streak 0 Lose Streak 0 | Balance 35.70415713 Profit -0.01
[2021/03/23 22:32:21] Win Streak 0 Lose Streak 0 | Balance 35.68415713 Profit -0.01
[2021/03/23 22:32:30] Win Streak 0 Lose Streak 0 | Balance 35.70079079 Profit 0.02663366
[2021/03/23 22:34:13] Win Streak 0 Lose Streak 0 | Balance 35.68079079 Profit -0.01
[2021/03/23 22:34:23] Win Streak 0 Lose Streak 0 | Balance 35.69742445 Profit 0.02663366
[2021/03/23 22:34:30] Win Streak 0 Lose Streak 0 | Balance 35.75069177 Profit 0.02663366
[2021/03/23 22:34:58] Win Streak 0 Lose Streak 0 | Balance 35.73069177 Profit -0.01
[2021/03/23 22:35:08] Win Streak 0 Lose Streak 0 | Balance 35.71069177 Profit -0.01
[2021/03/23 22:35:18] Win Streak 0 Lose Streak 0 | Balance 35.72732543 Profit -0.01
[2021/03/23 22:35:37] Win Streak 0 Lose Streak 0 | Balance 35.70732543 Profit -0.01
[2021/03/23 22:37:03] Win Streak 0 Lose Streak 0 | Balance 35.68732543 Profit -0.01
[2021/03/23 22:39:17] Win Streak 0 Lose Streak 0 | Balance 35.66732543 Profit -0.01
[2021/03/23 22:40:31] Win Streak 0 Lose Streak 0 | Balance 35.64732543 Profit -0.01
[2021/03/23 22:40:39] Win Streak 0 Lose Streak 0 | Balance 35.66395909 Profit -0.01
[2021/03/23 22:40:47] Win Streak 0 Lose Streak 0 | Balance 35.64395909 Profit -0.01
[2021/03/23 22:43:03] Win Streak 4 Lose Streak 11 | Balance 37.8985476 Profit 2.26458851
[2021/03/23 22:45:02] Win Streak 0 Lose Streak 0 | Balance 37.85554792 Profit -0.01
[2021/03/23 22:47:39] Win Streak 1 Lose Streak 6 | Balance 37.85414552 Profit 0.0085976
[2021/03/23 22:48:18] Win Streak 5 Lose Streak 13 | Balance 39.44782956 Profit 1.60368404
[2021/03/23 22:53:37] Win Streak 4 Lose Streak 19 | Balance 43.2258711 Profit 3.79804154
[2021/03/23 22:58:37] Win Streak 3 Lose Streak 3 | Balance 43.3360935 Profit 0.08506597
[2021/03/23 23:17:37] Win Streak 2 Lose Streak 18 | Balance 0.43763175 Profit -0.28860706
[2021/03/23 23:18:50] Win Streak 1 Lose Streak 7 | Balance 0.44204624 Profit -0.01534194
[2021/03/23 23:19:19] Win Streak 1 Lose Streak 5 | Balance 0.44166299 Profit -0.02362858
[2021/03/23 23:20:32] Win Streak 3 Lose Streak 12 | Balance 0.27488531 Profit -0.15677768
[2021/03/23 23:21:39] Win Streak 4 Lose Streak 10 | Balance 0.64798242 Profit 0.35164457
[2021/03/23 23:23:38] Win Streak 3 Lose Streak 11 | Balance 1.09228232 Profit 0.46547239
[2021/03/23 23:27:48] Win Streak 3 Lose Streak 16 | Balance 2.43358963 Profit 1.36385131
[2021/03/23 23:29:13] Win Streak 5 Lose Streak 12 | Balance 3.15662441 Profit 0.74306998
